<?xml version="1.0" encoding="UTF-8"?>
<testsuite xmlns:xsi="http://www.w3.org/2001/XMLSchema-instance" xsi:noNamespaceSchemaLocation="https://maven.apache.org/surefire/maven-surefire-plugin/xsd/surefire-test-report-3.0.xsd" version="3.0" name="com.canet.app.service.HttpsDataServiceTest" time="0.313" tests="7" errors="0" skipped="0" failures="0">
  <properties>
[...]
</properties>
  <testcase name="fetchAll_picksUpNewFieldsWithoutCodeChange" classname="com.canet.app.service.HttpsDataServiceTest" time="0.013">
    <system-out><![CDATA[2026-04-28T08:22:19.909Z  INFO 7908 --- [canet-app] [           main] t.c.s.AnnotationConfigContextLoaderUtils : Could not detect default configuration classes for test class [com.canet.app.service.HttpsDataServiceTest]: HttpsDataServiceTest does not declare any static, non-private, non-final, nested classes annotated with @Configuration.
2026-04-28T08:22:19.927Z  INFO 7908 --- [canet-app] [           main] .b.t.c.SpringBootTestContextBootstrapper : Found @SpringBootConfiguration com.canet.app.CaNetApplication for test class com.canet.app.service.HttpsDataServiceTest

  .   ____          _            __ _ _
 /\\ / ___'_ __ _ _(_)_ __  __ _ \ \ \ \
( ( )\___ | '_ | '_| | '_ \/ _` | \ \ \ \
 \\/  ___)| |_)| | | | | || (_| |  ) ) ) )
  '  |____| .__|_| |_|_| |_\__, | / / / /
 =========|_|==============|___/=/_/_/_/
 :: Spring Boot ::                (v3.2.5)

2026-04-28T08:22:20.003Z  INFO 7908 --- [canet-app] [           main] c.c.app.service.HttpsDataServiceTest     : Starting HttpsDataServiceTest using Java 21.0.10 with PID 7908 (started by root in /home/user/canet/spring-boot-app)
2026-04-28T08:22:20.003Z DEBUG 7908 --- [canet-app] [           main] c.c.app.service.HttpsDataServiceTest     : Running with Spring Boot v3.2.5, Spring v6.1.6
2026-04-28T08:22:20.004Z  INFO 7908 --- [canet-app] [           main] c.c.app.service.HttpsDataServiceTest     : No active profile set, falling back to 1 default profile: "default"
2026-04-28T08:22:20.165Z  INFO 7908 --- [canet-app] [           main] c.c.app.service.HttpsDataServiceTest     : Started HttpsDataServiceTest in 0.233 seconds (process running for 4.99)
2026-04-28T08:22:20.174Z  INFO 7908 --- [canet-app] [           main] c.c.app.service.HttpsDataServiceImpl     : Fetching all records from https://mock.example.com/handsets
]]></system-out>
  </testcase>
  <testcase name="fetchById_whenNotFound_returnsNull" classname="com.canet.app.service.HttpsDataServiceTest" time="0.008">
    <system-out><![CDATA[2026-04-28T08:22:20.185Z  INFO 7908 --- [canet-app] [           main] c.c.app.service.HttpsDataServiceImpl     : Fetching record 00000000 from https://mock.example.com/handsets/00000000
2026-04-28T08:22:20.191Z ERROR 7908 --- [canet-app] [           main] c.c.app.service.HttpsDataServiceImpl     : Failed to fetch record 00000000 from https://mock.example.com/handsets/00000000: 404 Not Found: [no body]
]]></system-out>
  </testcase>
  <testcase name="fetchAll_whenServiceUnavailable_returnsEmptyListGracefully" classname="com.canet.app.service.HttpsDataServiceTest" time="0.004">
    <system-out><![CDATA[2026-04-28T08:22:20.196Z  INFO 7908 --- [canet-app] [           main] c.c.app.service.HttpsDataServiceImpl     : Fetching all records from https://mock.example.com/handsets
2026-04-28T08:22:20.197Z ERROR 7908 --- [canet-app] [           main] c.c.app.service.HttpsDataServiceImpl     : Failed to fetch data from https://mock.example.com/handsets: 503 Service Unavailable: [no body]
]]></system-out>
  </testcase>
  <testcase name="fetchById_returnsSingleHandsetRecord" classname="com.canet.app.service.HttpsDataServiceTest" time="0.003">
    <system-out><![CDATA[2026-04-28T08:22:20.201Z  INFO 7908 --- [canet-app] [           main] c.c.app.service.HttpsDataServiceImpl     : Fetching record 35674108 from https://mock.example.com/handsets/35674108
]]></system-out>
  </testcase>
  <testcase name="fetchAll_whenServerErrors_returnsEmptyListGracefully" classname="com.canet.app.service.HttpsDataServiceTest" time="0.004">
    <system-out><![CDATA[2026-04-28T08:22:20.207Z  INFO 7908 --- [canet-app] [           main] c.c.app.service.HttpsDataServiceImpl     : Fetching all records from https://mock.example.com/handsets
2026-04-28T08:22:20.208Z ERROR 7908 --- [canet-app] [           main] c.c.app.service.HttpsDataServiceImpl     : Failed to fetch data from https://mock.example.com/handsets: 500 Internal Server Error: [no body]
]]></system-out>
  </testcase>
  <testcase name="fetchAll_whenApiReturnsEmptyArray_returnsEmptyList" classname="com.canet.app.service.HttpsDataServiceTest" time="0.003">
    <system-out><![CDATA[2026-04-28T08:22:20.212Z  INFO 7908 --- [canet-app] [           main] c.c.app.service.HttpsDataServiceImpl     : Fetching all records from https://mock.example.com/handsets
]]></system-out>
  </testcase>
  <testcase name="fetchAll_parsesHandsetJsonIntoMaps" classname="com.canet.app.service.HttpsDataServiceTest" time="0.003">
    <system-out><![CDATA[2026-04-28T08:22:20.217Z  INFO 7908 --- [canet-app] [           main] c.c.app.service.HttpsDataServiceImpl     : Fetching all records from https://mock.example.com/handsets
]]></system-out>
  </testcase>
</testsuite>